
> avelio-frontend@0.1.0 start
> react-scripts start

Attempting to bind to HOST environment variable: 0.0.0.0
If this was unintentional, check that you haven't mistakenly set it in your shell.
Learn more here: https://cra.link/advanced-config

(node:2160) [DEP_WEBPACK_DEV_SERVER_ON_AFTER_SETUP_MIDDLEWARE] DeprecationWarning: 'onAfterSetupMiddleware' option is deprecated. Please use the 'setupMiddlewares' option.
(Use `node --trace-deprecation ...` to show where the warning was created)
(node:2160) [DEP_WEBPACK_DEV_SERVER_ON_BEFORE_SETUP_MIDDLEWARE] DeprecationWarning: 'onBeforeSetupMiddleware' option is deprecated. Please use the 'setupMiddlewares' option.
Starting the development server...

Compiled successfully!

You can now view avelio-frontend in the browser.

  Local:            http://localhost:3000
  On Your Network:  http://192.168.7.189:3000

Note that the development build is not optimized.
To create a production build, use npm run build.

webpack compiled successfully
Compiling...
Compiled with warnings.

[eslint] 
src/pages/Receipts.js
  Line 171:6:  React Hook useEffect has a missing dependency: 'fetchReceipts'. Either include it or remove the dependency array  react-hooks/exhaustive-deps

Search for the keywords to learn more about each warning.
To ignore, add // eslint-disable-next-line to the line before.

WARNING in [eslint] 
src/pages/Receipts.js
  Line 171:6:  React Hook useEffect has a missing dependency: 'fetchReceipts'. Either include it or remove the dependency array  react-hooks/exhaustive-deps

webpack compiled with 1 warning
Compiling...
Compiled with warnings.

[eslint] 
src/pages/Receipts.js
  Line 180:6:  React Hook useEffect has a missing dependency: 'fetchReceipts'. Either include it or remove the dependency array  react-hooks/exhaustive-deps

Search for the keywords to learn more about each warning.
To ignore, add // eslint-disable-next-line to the line before.

WARNING in [eslint] 
src/pages/Receipts.js
  Line 180:6:  React Hook useEffect has a missing dependency: 'fetchReceipts'. Either include it or remove the dependency array  react-hooks/exhaustive-deps

webpack compiled with 1 warning
Compiling...
Compiled with warnings.

[eslint] 
src/pages/Receipts.js
  Line 180:6:  React Hook useEffect has a missing dependency: 'fetchReceipts'. Either include it or remove the dependency array  react-hooks/exhaustive-deps

Search for the keywords to learn more about each warning.
To ignore, add // eslint-disable-next-line to the line before.

WARNING in [eslint] 
src/pages/Receipts.js
  Line 180:6:  React Hook useEffect has a missing dependency: 'fetchReceipts'. Either include it or remove the dependency array  react-hooks/exhaustive-deps

webpack compiled with 1 warning
Compiling...
Compiled with warnings.

[eslint] 
src/pages/Receipts.js
  Line 180:6:  React Hook useEffect has a missing dependency: 'fetchReceipts'. Either include it or remove the dependency array  react-hooks/exhaustive-deps

Search for the keywords to learn more about each warning.
To ignore, add // eslint-disable-next-line to the line before.

WARNING in [eslint] 
src/pages/Receipts.js
  Line 180:6:  React Hook useEffect has a missing dependency: 'fetchReceipts'. Either include it or remove the dependency array  react-hooks/exhaustive-deps

webpack compiled with 1 warning
Compiling...
Compiled with warnings.

[eslint] 
src/pages/Receipts.js
  Line 180:6:  React Hook useEffect has a missing dependency: 'fetchReceipts'. Either include it or remove the dependency array  react-hooks/exhaustive-deps

Search for the keywords to learn more about each warning.
To ignore, add // eslint-disable-next-line to the line before.

WARNING in [eslint] 
src/pages/Receipts.js
  Line 180:6:  React Hook useEffect has a missing dependency: 'fetchReceipts'. Either include it or remove the dependency array  react-hooks/exhaustive-deps

webpack compiled with 1 warning
Compiling...
Compiled with warnings.

[eslint] 
src/pages/Receipts.js
  Line 185:6:  React Hook useEffect has a missing dependency: 'fetchReceipts'. Either include it or remove the dependency array  react-hooks/exhaustive-deps

Search for the keywords to learn more about each warning.
To ignore, add // eslint-disable-next-line to the line before.

WARNING in [eslint] 
src/pages/Receipts.js
  Line 185:6:  React Hook useEffect has a missing dependency: 'fetchReceipts'. Either include it or remove the dependency array  react-hooks/exhaustive-deps

webpack compiled with 1 warning
Compiling...
Compiled with warnings.

[eslint] 
src/pages/Receipts.js
  Line 165:6:  React Hook useEffect has a missing dependency: 'fetchReceipts'. Either include it or remove the dependency array  react-hooks/exhaustive-deps

Search for the keywords to learn more about each warning.
To ignore, add // eslint-disable-next-line to the line before.

WARNING in [eslint] 
src/pages/Receipts.js
  Line 165:6:  React Hook useEffect has a missing dependency: 'fetchReceipts'. Either include it or remove the dependency array  react-hooks/exhaustive-deps

webpack compiled with 1 warning
Compiling...
Compiled with warnings.

[eslint] 
src/pages/Receipts.js
  Line 165:6:  React Hook useEffect has a missing dependency: 'fetchReceipts'. Either include it or remove the dependency array  react-hooks/exhaustive-deps

Search for the keywords to learn more about each warning.
To ignore, add // eslint-disable-next-line to the line before.

WARNING in [eslint] 
src/pages/Receipts.js
  Line 165:6:  React Hook useEffect has a missing dependency: 'fetchReceipts'. Either include it or remove the dependency array  react-hooks/exhaustive-deps

webpack compiled with 1 warning
Compiling...
Compiled with warnings.

[eslint] 
src/pages/ExportData.js
  Line 3:10:   'Link' is defined but never used                            no-unused-vars
  Line 18:16:  'apiGet' is defined but never used                          no-unused-vars
  Line 38:10:  'cashClosingDate' is assigned a value but never used        no-unused-vars
  Line 38:27:  'setCashClosingDate' is assigned a value but never used     no-unused-vars
  Line 39:10:  'cashClosingPeriod' is assigned a value but never used      no-unused-vars
  Line 39:29:  'setCashClosingPeriod' is assigned a value but never used   no-unused-vars
  Line 40:10:  'cashClosingMonth' is assigned a value but never used       no-unused-vars
  Line 40:28:  'setCashClosingMonth' is assigned a value but never used    no-unused-vars
  Line 41:10:  'cashClosingYear' is assigned a value but never used        no-unused-vars
  Line 41:27:  'setCashClosingYear' is assigned a value but never used     no-unused-vars
  Line 42:10:  'stationFilter' is assigned a value but never used          no-unused-vars
  Line 42:25:  'setStationFilter' is assigned a value but never used       no-unused-vars
  Line 43:10:  'includeAfterHours' is assigned a value but never used      no-unused-vars
  Line 43:29:  'setIncludeAfterHours' is assigned a value but never used   no-unused-vars
  Line 44:10:  'externalReceipts' is assigned a value but never used       no-unused-vars
  Line 44:28:  'setExternalReceipts' is assigned a value but never used    no-unused-vars
  Line 45:10:  'showAddExternal' is assigned a value but never used        no-unused-vars
  Line 45:27:  'setShowAddExternal' is assigned a value but never used     no-unused-vars
  Line 46:10:  'cashClosingData' is assigned a value but never used        no-unused-vars
  Line 46:27:  'setCashClosingData' is assigned a value but never used     no-unused-vars
  Line 47:10:  'loadingCashClosing' is assigned a value but never used     no-unused-vars
  Line 47:30:  'setLoadingCashClosing' is assigned a value but never used  no-unused-vars

src/pages/Receipts.js
  Line 165:6:  React Hook useEffect has a missing dependency: 'fetchReceipts'. Either include it or remove the dependency array  react-hooks/exhaustive-deps

Search for the keywords to learn more about each warning.
To ignore, add // eslint-disable-next-line to the line before.

WARNING in [eslint] 
src/pages/ExportData.js
  Line 3:10:   'Link' is defined but never used                            no-unused-vars
  Line 18:16:  'apiGet' is defined but never used                          no-unused-vars
  Line 38:10:  'cashClosingDate' is assigned a value but never used        no-unused-vars
  Line 38:27:  'setCashClosingDate' is assigned a value but never used     no-unused-vars
  Line 39:10:  'cashClosingPeriod' is assigned a value but never used      no-unused-vars
  Line 39:29:  'setCashClosingPeriod' is assigned a value but never used   no-unused-vars
  Line 40:10:  'cashClosingMonth' is assigned a value but never used       no-unused-vars
  Line 40:28:  'setCashClosingMonth' is assigned a value but never used    no-unused-vars
  Line 41:10:  'cashClosingYear' is assigned a value but never used        no-unused-vars
  Line 41:27:  'setCashClosingYear' is assigned a value but never used     no-unused-vars
  Line 42:10:  'stationFilter' is assigned a value but never used          no-unused-vars
  Line 42:25:  'setStationFilter' is assigned a value but never used       no-unused-vars
  Line 43:10:  'includeAfterHours' is assigned a value but never used      no-unused-vars
  Line 43:29:  'setIncludeAfterHours' is assigned a value but never used   no-unused-vars
  Line 44:10:  'externalReceipts' is assigned a value but never used       no-unused-vars
  Line 44:28:  'setExternalReceipts' is assigned a value but never used    no-unused-vars
  Line 45:10:  'showAddExternal' is assigned a value but never used        no-unused-vars
  Line 45:27:  'setShowAddExternal' is assigned a value but never used     no-unused-vars
  Line 46:10:  'cashClosingData' is assigned a value but never used        no-unused-vars
  Line 46:27:  'setCashClosingData' is assigned a value but never used     no-unused-vars
  Line 47:10:  'loadingCashClosing' is assigned a value but never used     no-unused-vars
  Line 47:30:  'setLoadingCashClosing' is assigned a value but never used  no-unused-vars

src/pages/Receipts.js
  Line 165:6:  React Hook useEffect has a missing dependency: 'fetchReceipts'. Either include it or remove the dependency array  react-hooks/exhaustive-deps

webpack compiled with 1 warning
Compiling...
Compiled with warnings.

[eslint] 
src/pages/ExportData.js
  Line 3:10:   'Link' is defined but never used                             no-unused-vars
  Line 18:16:  'apiGet' is defined but never used                           no-unused-vars
  Line 38:27:  'setCashClosingDate' is assigned a value but never used      no-unused-vars
  Line 39:29:  'setCashClosingPeriod' is assigned a value but never used    no-unused-vars
  Line 40:28:  'setCashClosingMonth' is assigned a value but never used     no-unused-vars
  Line 41:27:  'setCashClosingYear' is assigned a value but never used      no-unused-vars
  Line 42:25:  'setStationFilter' is assigned a value but never used        no-unused-vars
  Line 43:29:  'setIncludeAfterHours' is assigned a value but never used    no-unused-vars
  Line 45:10:  'showAddExternal' is assigned a value but never used         no-unused-vars
  Line 47:10:  'loadingCashClosing' is assigned a value but never used      no-unused-vars
  Line 137:9:  'fetchCashClosingData' is assigned a value but never used    no-unused-vars
  Line 166:9:  'addExternalReceipt' is assigned a value but never used      no-unused-vars
  Line 178:9:  'updateExternalReceipt' is assigned a value but never used   no-unused-vars
  Line 184:9:  'removeExternalReceipt' is assigned a value but never used   no-unused-vars
  Line 197:9:  'printCashClosingReport' is assigned a value but never used  no-unused-vars

src/pages/Receipts.js
  Line 165:6:  React Hook useEffect has a missing dependency: 'fetchReceipts'. Either include it or remove the dependency array  react-hooks/exhaustive-deps

Search for the keywords to learn more about each warning.
To ignore, add // eslint-disable-next-line to the line before.

WARNING in [eslint] 
src/pages/ExportData.js
  Line 3:10:   'Link' is defined but never used                             no-unused-vars
  Line 18:16:  'apiGet' is defined but never used                           no-unused-vars
  Line 38:27:  'setCashClosingDate' is assigned a value but never used      no-unused-vars
  Line 39:29:  'setCashClosingPeriod' is assigned a value but never used    no-unused-vars
  Line 40:28:  'setCashClosingMonth' is assigned a value but never used     no-unused-vars
  Line 41:27:  'setCashClosingYear' is assigned a value but never used      no-unused-vars
  Line 42:25:  'setStationFilter' is assigned a value but never used        no-unused-vars
  Line 43:29:  'setIncludeAfterHours' is assigned a value but never used    no-unused-vars
  Line 45:10:  'showAddExternal' is assigned a value but never used         no-unused-vars
  Line 47:10:  'loadingCashClosing' is assigned a value but never used      no-unused-vars
  Line 137:9:  'fetchCashClosingData' is assigned a value but never used    no-unused-vars
  Line 166:9:  'addExternalReceipt' is assigned a value but never used      no-unused-vars
  Line 178:9:  'updateExternalReceipt' is assigned a value but never used   no-unused-vars
  Line 184:9:  'removeExternalReceipt' is assigned a value but never used   no-unused-vars
  Line 197:9:  'printCashClosingReport' is assigned a value but never used  no-unused-vars

src/pages/Receipts.js
  Line 165:6:  React Hook useEffect has a missing dependency: 'fetchReceipts'. Either include it or remove the dependency array  react-hooks/exhaustive-deps

webpack compiled with 1 warning
Compiling...
Compiled with warnings.

[eslint] 
src/pages/ExportData.js
  Line 3:10:   'Link' is defined but never used                      no-unused-vars
  Line 18:16:  'apiGet' is defined but never used                    no-unused-vars
  Line 45:10:  'showAddExternal' is assigned a value but never used  no-unused-vars

src/pages/Receipts.js
  Line 165:6:  React Hook useEffect has a missing dependency: 'fetchReceipts'. Either include it or remove the dependency array  react-hooks/exhaustive-deps

Search for the keywords to learn more about each warning.
To ignore, add // eslint-disable-next-line to the line before.

WARNING in [eslint] 
src/pages/ExportData.js
  Line 3:10:   'Link' is defined but never used                      no-unused-vars
  Line 18:16:  'apiGet' is defined but never used                    no-unused-vars
  Line 45:10:  'showAddExternal' is assigned a value but never used  no-unused-vars

src/pages/Receipts.js
  Line 165:6:  React Hook useEffect has a missing dependency: 'fetchReceipts'. Either include it or remove the dependency array  react-hooks/exhaustive-deps

webpack compiled with 1 warning
Compiling...
Compiled with warnings.

[eslint] 
src/pages/ExportData.js
  Line 17:16:  'apiGet' is defined but never used                    no-unused-vars
  Line 44:10:  'showAddExternal' is assigned a value but never used  no-unused-vars

src/pages/Receipts.js
  Line 165:6:  React Hook useEffect has a missing dependency: 'fetchReceipts'. Either include it or remove the dependency array  react-hooks/exhaustive-deps

Search for the keywords to learn more about each warning.
To ignore, add // eslint-disable-next-line to the line before.

WARNING in [eslint] 
src/pages/ExportData.js
  Line 17:16:  'apiGet' is defined but never used                    no-unused-vars
  Line 44:10:  'showAddExternal' is assigned a value but never used  no-unused-vars

src/pages/Receipts.js
  Line 165:6:  React Hook useEffect has a missing dependency: 'fetchReceipts'. Either include it or remove the dependency array  react-hooks/exhaustive-deps

webpack compiled with 1 warning
Compiling...
Compiled with warnings.

[eslint] 
src/pages/ExportData.js
  Line 30:10:  'showAddExternal' is assigned a value but never used  no-unused-vars

src/pages/Receipts.js
  Line 165:6:  React Hook useEffect has a missing dependency: 'fetchReceipts'. Either include it or remove the dependency array  react-hooks/exhaustive-deps

Search for the keywords to learn more about each warning.
To ignore, add // eslint-disable-next-line to the line before.

WARNING in [eslint] 
src/pages/ExportData.js
  Line 30:10:  'showAddExternal' is assigned a value but never used  no-unused-vars

src/pages/Receipts.js
  Line 165:6:  React Hook useEffect has a missing dependency: 'fetchReceipts'. Either include it or remove the dependency array  react-hooks/exhaustive-deps

webpack compiled with 1 warning
Compiling...
Failed to compile.

[eslint] 
src/pages/ExportData.js
  Line 159:5:  'setShowAddExternal' is not defined  no-undef

Search for the keywords to learn more about each error.
WARNING in [eslint] 
src/pages/Receipts.js
  Line 165:6:  React Hook useEffect has a missing dependency: 'fetchReceipts'. Either include it or remove the dependency array  react-hooks/exhaustive-deps

ERROR in [eslint] 
src/pages/ExportData.js
  Line 159:5:  'setShowAddExternal' is not defined  no-undef

Search for the keywords to learn more about each error.

webpack compiled with 1 error and 1 warning
Compiling...
Compiled with warnings.

[eslint] 
src/pages/Receipts.js
  Line 165:6:  React Hook useEffect has a missing dependency: 'fetchReceipts'. Either include it or remove the dependency array  react-hooks/exhaustive-deps

Search for the keywords to learn more about each warning.
To ignore, add // eslint-disable-next-line to the line before.

WARNING in [eslint] 
src/pages/Receipts.js
  Line 165:6:  React Hook useEffect has a missing dependency: 'fetchReceipts'. Either include it or remove the dependency array  react-hooks/exhaustive-deps

webpack compiled with 1 warning
Compiling...
Compiled with warnings.

[eslint] 
src/pages/Dashboard.js
  Line 121:6:  React Hook useEffect has missing dependencies: 'fetchPendingReceipts', 'fetchReceipts', and 'fetchStats'. Either include them or remove the dependency array  react-hooks/exhaustive-deps

src/pages/ExportData.js
  Line 3:10:  'Link' is defined but never used    no-unused-vars
  Line 8:16:  'apiGet' is defined but never used  no-unused-vars

src/pages/Login.js
  Line 8:9:  'navigate' is assigned a value but never used  no-unused-vars

src/pages/Receipts.js
  Line 150:6:  React Hook useEffect has a missing dependency: 'fetchReceipts'. Either include it or remove the dependency array  react-hooks/exhaustive-deps

src/pages/Users.js
  Line 33:6:  React Hook useEffect has a missing dependency: 'fetchUsers'. Either include it or remove the dependency array  react-hooks/exhaustive-deps

Search for the keywords to learn more about each warning.
To ignore, add // eslint-disable-next-line to the line before.

WARNING in [eslint] 
src/pages/Dashboard.js
  Line 121:6:  React Hook useEffect has missing dependencies: 'fetchPendingReceipts', 'fetchReceipts', and 'fetchStats'. Either include them or remove the dependency array  react-hooks/exhaustive-deps

src/pages/ExportData.js
  Line 3:10:  'Link' is defined but never used    no-unused-vars
  Line 8:16:  'apiGet' is defined but never used  no-unused-vars

src/pages/Login.js
  Line 8:9:  'navigate' is assigned a value but never used  no-unused-vars

src/pages/Receipts.js
  Line 150:6:  React Hook useEffect has a missing dependency: 'fetchReceipts'. Either include it or remove the dependency array  react-hooks/exhaustive-deps

src/pages/Users.js
  Line 33:6:  React Hook useEffect has a missing dependency: 'fetchUsers'. Either include it or remove the dependency array  react-hooks/exhaustive-deps

webpack compiled with 1 warning
Compiling...
Failed to compile.

[eslint] 
src/pages/ReceiptDetailsModal.js
  Line 32:3:  React Hook "useEffect" is called conditionally. React Hooks must be called in the exact same order in every component render. Did you accidentally call a React Hook after an early return?  react-hooks/rules-of-hooks

Search for the keywords to learn more about each error.
WARNING in [eslint] 
src/pages/Dashboard.js
  Line 121:6:  React Hook useEffect has missing dependencies: 'fetchPendingReceipts', 'fetchReceipts', and 'fetchStats'. Either include them or remove the dependency array  react-hooks/exhaustive-deps

src/pages/ExportData.js
  Line 3:10:  'Link' is defined but never used  no-unused-vars

src/pages/Login.js
  Line 8:9:  'navigate' is assigned a value but never used  no-unused-vars

src/pages/ReceiptDetailsModal.js
  Line 36:6:  React Hook useEffect has a missing dependency: 'fetchPayments'. Either include it or remove the dependency array  react-hooks/exhaustive-deps

src/pages/Receipts.js
  Line 150:6:  React Hook useEffect has a missing dependency: 'fetchReceipts'. Either include it or remove the dependency array  react-hooks/exhaustive-deps

src/pages/Users.js
  Line 33:6:  React Hook useEffect has a missing dependency: 'fetchUsers'. Either include it or remove the dependency array  react-hooks/exhaustive-deps

ERROR in [eslint] 
src/pages/ReceiptDetailsModal.js
  Line 32:3:  React Hook "useEffect" is called conditionally. React Hooks must be called in the exact same order in every component render. Did you accidentally call a React Hook after an early return?  react-hooks/rules-of-hooks

Search for the keywords to learn more about each error.

webpack compiled with 1 error and 1 warning
Compiling...
Failed to compile.

[eslint] 
src/pages/ExportData.js
Syntax error: Unexpected token (213:1) (213:1)

src/pages/ReceiptDetailsModal.js
Syntax error: Unexpected token (44:1) (44:1)
WARNING in [eslint] 
src/pages/Dashboard.js
  Line 131:6:  React Hook useEffect has missing dependencies: 'fetchPendingReceipts', 'fetchReceipts', and 'fetchStats'. Either include them or remove the dependency array  react-hooks/exhaustive-deps

src/pages/Login.js
  Line 8:9:  'navigate' is assigned a value but never used  no-unused-vars

src/pages/Receipts.js
  Line 165:6:  React Hook useEffect has a missing dependency: 'fetchReceipts'. Either include it or remove the dependency array  react-hooks/exhaustive-deps

src/pages/Users.js
  Line 43:6:  React Hook useEffect has a missing dependency: 'fetchUsers'. Either include it or remove the dependency array  react-hooks/exhaustive-deps

ERROR in ./src/pages/ExportData.js
Module build failed (from ./node_modules/babel-loader/lib/index.js):
SyntaxError: /Users/mohamedsaeed/avelio-credit/avelio-frontend/src/pages/ExportData.js: Unexpected token (213:1)

  211 |   };
  212 |
> 213 | <<<<<<< Updated upstream
      |  ^
  214 | =======
  215 |   // Cash Closing Functions
  216 |   const fetchCashClosingData = async () => {
    at constructor (/Users/mohamedsaeed/avelio-credit/avelio-frontend/node_modules/@babel/parser/lib/index.js:367:19)
    at FlowParserMixin.raise (/Users/mohamedsaeed/avelio-credit/avelio-frontend/node_modules/@babel/parser/lib/index.js:6630:19)
    at FlowParserMixin.unexpected (/Users/mohamedsaeed/avelio-credit/avelio-frontend/node_modules/@babel/parser/lib/index.js:6650:16)
    at FlowParserMixin.jsxParseIdentifier (/Users/mohamedsaeed/avelio-credit/avelio-frontend/node_modules/@babel/parser/lib/index.js:4602:12)
    at FlowParserMixin.jsxParseNamespacedName (/Users/mohamedsaeed/avelio-credit/avelio-frontend/node_modules/@babel/parser/lib/index.js:4609:23)
    at FlowParserMixin.jsxParseElementName (/Users/mohamedsaeed/avelio-credit/avelio-frontend/node_modules/@babel/parser/lib/index.js:4618:21)
    at FlowParserMixin.jsxParseOpeningElementAt (/Users/mohamedsaeed/avelio-credit/avelio-frontend/node_modules/@babel/parser/lib/index.js:4694:22)
    at FlowParserMixin.jsxParseElementAt (/Users/mohamedsaeed/avelio-credit/avelio-frontend/node_modules/@babel/parser/lib/index.js:4719:33)
    at FlowParserMixin.jsxParseElement (/Users/mohamedsaeed/avelio-credit/avelio-frontend/node_modules/@babel/parser/lib/index.js:4782:17)
    at FlowParserMixin.parseExprAtom (/Users/mohamedsaeed/avelio-credit/avelio-frontend/node_modules/@babel/parser/lib/index.js:4792:19)
    at FlowParserMixin.parseExprSubscripts (/Users/mohamedsaeed/avelio-credit/avelio-frontend/node_modules/@babel/parser/lib/index.js:11085:23)
    at FlowParserMixin.parseUpdate (/Users/mohamedsaeed/avelio-credit/avelio-frontend/node_modules/@babel/parser/lib/index.js:11070:21)
    at FlowParserMixin.parseMaybeUnary (/Users/mohamedsaeed/avelio-credit/avelio-frontend/node_modules/@babel/parser/lib/index.js:11050:23)
    at FlowParserMixin.parseMaybeUnaryOrPrivate (/Users/mohamedsaeed/avelio-credit/avelio-frontend/node_modules/@babel/parser/lib/index.js:10903:61)
    at FlowParserMixin.parseExprOps (/Users/mohamedsaeed/avelio-credit/avelio-frontend/node_modules/@babel/parser/lib/index.js:10908:23)
    at FlowParserMixin.parseMaybeConditional (/Users/mohamedsaeed/avelio-credit/avelio-frontend/node_modules/@babel/parser/lib/index.js:10885:23)
    at FlowParserMixin.parseMaybeAssign (/Users/mohamedsaeed/avelio-credit/avelio-frontend/node_modules/@babel/parser/lib/index.js:10835:21)
    at /Users/mohamedsaeed/avelio-credit/avelio-frontend/node_modules/@babel/parser/lib/index.js:3531:39
    at FlowParserMixin.tryParse (/Users/mohamedsaeed/avelio-credit/avelio-frontend/node_modules/@babel/parser/lib/index.js:6938:20)
    at FlowParserMixin.parseMaybeAssign (/Users/mohamedsaeed/avelio-credit/avelio-frontend/node_modules/@babel/parser/lib/index.js:3531:18)
    at FlowParserMixin.parseExpressionBase (/Users/mohamedsaeed/avelio-credit/avelio-frontend/node_modules/@babel/parser/lib/index.js:10788:23)
    at /Users/mohamedsaeed/avelio-credit/avelio-frontend/node_modules/@babel/parser/lib/index.js:10784:39
    at FlowParserMixin.allowInAnd (/Users/mohamedsaeed/avelio-credit/avelio-frontend/node_modules/@babel/parser/lib/index.js:12431:16)
    at FlowParserMixin.parseExpression (/Users/mohamedsaeed/avelio-credit/avelio-frontend/node_modules/@babel/parser/lib/index.js:10784:17)
    at FlowParserMixin.parseStatementContent (/Users/mohamedsaeed/avelio-credit/avelio-frontend/node_modules/@babel/parser/lib/index.js:12904:23)
    at FlowParserMixin.parseStatementLike (/Users/mohamedsaeed/avelio-credit/avelio-frontend/node_modules/@babel/parser/lib/index.js:12776:17)
    at FlowParserMixin.parseStatementLike (/Users/mohamedsaeed/avelio-credit/avelio-frontend/node_modules/@babel/parser/lib/index.js:2949:24)
    at FlowParserMixin.parseStatementListItem (/Users/mohamedsaeed/avelio-credit/avelio-frontend/node_modules/@babel/parser/lib/index.js:12756:17)
    at FlowParserMixin.parseBlockOrModuleBlockBody (/Users/mohamedsaeed/avelio-credit/avelio-frontend/node_modules/@babel/parser/lib/index.js:13325:61)
    at FlowParserMixin.parseBlockBody (/Users/mohamedsaeed/avelio-credit/avelio-frontend/node_modules/@babel/parser/lib/index.js:13318:10)
    at FlowParserMixin.parseBlock (/Users/mohamedsaeed/avelio-credit/avelio-frontend/node_modules/@babel/parser/lib/index.js:13306:10)
    at FlowParserMixin.parseFunctionBody (/Users/mohamedsaeed/avelio-credit/avelio-frontend/node_modules/@babel/parser/lib/index.js:12110:24)
    at FlowParserMixin.parseFunctionBody (/Users/mohamedsaeed/avelio-credit/avelio-frontend/node_modules/@babel/parser/lib/index.js:2926:11)
    at FlowParserMixin.parseFunctionBodyAndFinish (/Users/mohamedsaeed/avelio-credit/avelio-frontend/node_modules/@babel/parser/lib/index.js:12096:10)
    at FlowParserMixin.parseFunctionBodyAndFinish (/Users/mohamedsaeed/avelio-credit/avelio-frontend/node_modules/@babel/parser/lib/index.js:2934:18)
    at /Users/mohamedsaeed/avelio-credit/avelio-frontend/node_modules/@babel/parser/lib/index.js:13454:12
    at FlowParserMixin.withSmartMixTopicForbiddingContext (/Users/mohamedsaeed/avelio-credit/avelio-frontend/node_modules/@babel/parser/lib/index.js:12413:14)
    at FlowParserMixin.parseFunction (/Users/mohamedsaeed/avelio-credit/avelio-frontend/node_modules/@babel/parser/lib/index.js:13453:10)
    at FlowParserMixin.parseExportDefaultExpression (/Users/mohamedsaeed/avelio-credit/avelio-frontend/node_modules/@babel/parser/lib/index.js:13916:19)
    at FlowParserMixin.parseExportDefaultExpression (/Users/mohamedsaeed/avelio-credit/avelio-frontend/node_modules/@babel/parser/lib/index.js:2997:18)
    at FlowParserMixin.parseExport (/Users/mohamedsaeed/avelio-credit/avelio-frontend/node_modules/@babel/parser/lib/index.js:13837:25)
    at FlowParserMixin.parseStatementContent (/Users/mohamedsaeed/avelio-credit/avelio-frontend/node_modules/@babel/parser/lib/index.js:12887:27)
    at FlowParserMixin.parseStatementLike (/Users/mohamedsaeed/avelio-credit/avelio-frontend/node_modules/@babel/parser/lib/index.js:12776:17)
    at FlowParserMixin.parseStatementLike (/Users/mohamedsaeed/avelio-credit/avelio-frontend/node_modules/@babel/parser/lib/index.js:2949:24)
    at FlowParserMixin.parseModuleItem (/Users/mohamedsaeed/avelio-credit/avelio-frontend/node_modules/@babel/parser/lib/index.js:12753:17)
    at FlowParserMixin.parseBlockOrModuleBlockBody (/Users/mohamedsaeed/avelio-credit/avelio-frontend/node_modules/@babel/parser/lib/index.js:13325:36)
    at FlowParserMixin.parseBlockBody (/Users/mohamedsaeed/avelio-credit/avelio-frontend/node_modules/@babel/parser/lib/index.js:13318:10)
    at FlowParserMixin.parseProgram (/Users/mohamedsaeed/avelio-credit/avelio-frontend/node_modules/@babel/parser/lib/index.js:12634:10)
    at FlowParserMixin.parseTopLevel (/Users/mohamedsaeed/avelio-credit/avelio-frontend/node_modules/@babel/parser/lib/index.js:12624:25)
    at FlowParserMixin.parseTopLevel (/Users/mohamedsaeed/avelio-credit/avelio-frontend/node_modules/@babel/parser/lib/index.js:3718:28)

ERROR in ./src/pages/ReceiptDetailsModal.js
Module build failed (from ./node_modules/babel-loader/lib/index.js):
SyntaxError: /Users/mohamedsaeed/avelio-credit/avelio-frontend/src/pages/ReceiptDetailsModal.js: Unexpected token (44:1)

  42 |     sessionStorage.getItem('token');
  43 |
> 44 | <<<<<<< Updated upstream
     |  ^
  45 |   // Fetch payment history when modal opens
  46 |   useEffect(() => {
  47 |     if (isOpen && receipt?.id) {
    at constructor (/Users/mohamedsaeed/avelio-credit/avelio-frontend/node_modules/@babel/parser/lib/index.js:367:19)
    at FlowParserMixin.raise (/Users/mohamedsaeed/avelio-credit/avelio-frontend/node_modules/@babel/parser/lib/index.js:6630:19)
    at FlowParserMixin.unexpected (/Users/mohamedsaeed/avelio-credit/avelio-frontend/node_modules/@babel/parser/lib/index.js:6650:16)
    at FlowParserMixin.jsxParseIdentifier (/Users/mohamedsaeed/avelio-credit/avelio-frontend/node_modules/@babel/parser/lib/index.js:4602:12)
    at FlowParserMixin.jsxParseNamespacedName (/Users/mohamedsaeed/avelio-credit/avelio-frontend/node_modules/@babel/parser/lib/index.js:4609:23)
    at FlowParserMixin.jsxParseElementName (/Users/mohamedsaeed/avelio-credit/avelio-frontend/node_modules/@babel/parser/lib/index.js:4618:21)
    at FlowParserMixin.jsxParseOpeningElementAt (/Users/mohamedsaeed/avelio-credit/avelio-frontend/node_modules/@babel/parser/lib/index.js:4694:22)
    at FlowParserMixin.jsxParseElementAt (/Users/mohamedsaeed/avelio-credit/avelio-frontend/node_modules/@babel/parser/lib/index.js:4719:33)
    at FlowParserMixin.jsxParseElement (/Users/mohamedsaeed/avelio-credit/avelio-frontend/node_modules/@babel/parser/lib/index.js:4782:17)
    at FlowParserMixin.parseExprAtom (/Users/mohamedsaeed/avelio-credit/avelio-frontend/node_modules/@babel/parser/lib/index.js:4792:19)
    at FlowParserMixin.parseExprSubscripts (/Users/mohamedsaeed/avelio-credit/avelio-frontend/node_modules/@babel/parser/lib/index.js:11085:23)
    at FlowParserMixin.parseUpdate (/Users/mohamedsaeed/avelio-credit/avelio-frontend/node_modules/@babel/parser/lib/index.js:11070:21)
    at FlowParserMixin.parseMaybeUnary (/Users/mohamedsaeed/avelio-credit/avelio-frontend/node_modules/@babel/parser/lib/index.js:11050:23)
    at FlowParserMixin.parseMaybeUnaryOrPrivate (/Users/mohamedsaeed/avelio-credit/avelio-frontend/node_modules/@babel/parser/lib/index.js:10903:61)
    at FlowParserMixin.parseExprOps (/Users/mohamedsaeed/avelio-credit/avelio-frontend/node_modules/@babel/parser/lib/index.js:10908:23)
    at FlowParserMixin.parseMaybeConditional (/Users/mohamedsaeed/avelio-credit/avelio-frontend/node_modules/@babel/parser/lib/index.js:10885:23)
    at FlowParserMixin.parseMaybeAssign (/Users/mohamedsaeed/avelio-credit/avelio-frontend/node_modules/@babel/parser/lib/index.js:10835:21)
    at /Users/mohamedsaeed/avelio-credit/avelio-frontend/node_modules/@babel/parser/lib/index.js:3531:39
    at FlowParserMixin.tryParse (/Users/mohamedsaeed/avelio-credit/avelio-frontend/node_modules/@babel/parser/lib/index.js:6938:20)
    at FlowParserMixin.parseMaybeAssign (/Users/mohamedsaeed/avelio-credit/avelio-frontend/node_modules/@babel/parser/lib/index.js:3531:18)
    at FlowParserMixin.parseExpressionBase (/Users/mohamedsaeed/avelio-credit/avelio-frontend/node_modules/@babel/parser/lib/index.js:10788:23)
    at /Users/mohamedsaeed/avelio-credit/avelio-frontend/node_modules/@babel/parser/lib/index.js:10784:39
    at FlowParserMixin.allowInAnd (/Users/mohamedsaeed/avelio-credit/avelio-frontend/node_modules/@babel/parser/lib/index.js:12431:16)
    at FlowParserMixin.parseExpression (/Users/mohamedsaeed/avelio-credit/avelio-frontend/node_modules/@babel/parser/lib/index.js:10784:17)
    at FlowParserMixin.parseStatementContent (/Users/mohamedsaeed/avelio-credit/avelio-frontend/node_modules/@babel/parser/lib/index.js:12904:23)
    at FlowParserMixin.parseStatementLike (/Users/mohamedsaeed/avelio-credit/avelio-frontend/node_modules/@babel/parser/lib/index.js:12776:17)
    at FlowParserMixin.parseStatementLike (/Users/mohamedsaeed/avelio-credit/avelio-frontend/node_modules/@babel/parser/lib/index.js:2949:24)
    at FlowParserMixin.parseStatementListItem (/Users/mohamedsaeed/avelio-credit/avelio-frontend/node_modules/@babel/parser/lib/index.js:12756:17)
    at FlowParserMixin.parseBlockOrModuleBlockBody (/Users/mohamedsaeed/avelio-credit/avelio-frontend/node_modules/@babel/parser/lib/index.js:13325:61)
    at FlowParserMixin.parseBlockBody (/Users/mohamedsaeed/avelio-credit/avelio-frontend/node_modules/@babel/parser/lib/index.js:13318:10)
    at FlowParserMixin.parseBlock (/Users/mohamedsaeed/avelio-credit/avelio-frontend/node_modules/@babel/parser/lib/index.js:13306:10)
    at FlowParserMixin.parseFunctionBody (/Users/mohamedsaeed/avelio-credit/avelio-frontend/node_modules/@babel/parser/lib/index.js:12110:24)
    at FlowParserMixin.parseFunctionBody (/Users/mohamedsaeed/avelio-credit/avelio-frontend/node_modules/@babel/parser/lib/index.js:2926:11)
    at FlowParserMixin.parseFunctionBodyAndFinish (/Users/mohamedsaeed/avelio-credit/avelio-frontend/node_modules/@babel/parser/lib/index.js:12096:10)
    at FlowParserMixin.parseFunctionBodyAndFinish (/Users/mohamedsaeed/avelio-credit/avelio-frontend/node_modules/@babel/parser/lib/index.js:2934:18)
    at /Users/mohamedsaeed/avelio-credit/avelio-frontend/node_modules/@babel/parser/lib/index.js:13454:12
    at FlowParserMixin.withSmartMixTopicForbiddingContext (/Users/mohamedsaeed/avelio-credit/avelio-frontend/node_modules/@babel/parser/lib/index.js:12413:14)
    at FlowParserMixin.parseFunction (/Users/mohamedsaeed/avelio-credit/avelio-frontend/node_modules/@babel/parser/lib/index.js:13453:10)
    at FlowParserMixin.parseExportDefaultExpression (/Users/mohamedsaeed/avelio-credit/avelio-frontend/node_modules/@babel/parser/lib/index.js:13916:19)
    at FlowParserMixin.parseExportDefaultExpression (/Users/mohamedsaeed/avelio-credit/avelio-frontend/node_modules/@babel/parser/lib/index.js:2997:18)
    at FlowParserMixin.parseExport (/Users/mohamedsaeed/avelio-credit/avelio-frontend/node_modules/@babel/parser/lib/index.js:13837:25)
    at FlowParserMixin.parseStatementContent (/Users/mohamedsaeed/avelio-credit/avelio-frontend/node_modules/@babel/parser/lib/index.js:12887:27)
    at FlowParserMixin.parseStatementLike (/Users/mohamedsaeed/avelio-credit/avelio-frontend/node_modules/@babel/parser/lib/index.js:12776:17)
    at FlowParserMixin.parseStatementLike (/Users/mohamedsaeed/avelio-credit/avelio-frontend/node_modules/@babel/parser/lib/index.js:2949:24)
    at FlowParserMixin.parseModuleItem (/Users/mohamedsaeed/avelio-credit/avelio-frontend/node_modules/@babel/parser/lib/index.js:12753:17)
    at FlowParserMixin.parseBlockOrModuleBlockBody (/Users/mohamedsaeed/avelio-credit/avelio-frontend/node_modules/@babel/parser/lib/index.js:13325:36)
    at FlowParserMixin.parseBlockBody (/Users/mohamedsaeed/avelio-credit/avelio-frontend/node_modules/@babel/parser/lib/index.js:13318:10)
    at FlowParserMixin.parseProgram (/Users/mohamedsaeed/avelio-credit/avelio-frontend/node_modules/@babel/parser/lib/index.js:12634:10)
    at FlowParserMixin.parseTopLevel (/Users/mohamedsaeed/avelio-credit/avelio-frontend/node_modules/@babel/parser/lib/index.js:12624:25)
    at FlowParserMixin.parseTopLevel (/Users/mohamedsaeed/avelio-credit/avelio-frontend/node_modules/@babel/parser/lib/index.js:3718:28)

ERROR in [eslint] 
src/pages/ExportData.js
  Line 213:1:  Parsing error: Unexpected token (213:1)

src/pages/ReceiptDetailsModal.js
  Line 44:1:  Parsing error: Unexpected token (44:1)

webpack compiled with 3 errors and 1 warning
